0 info it worked if it ends with ok
1 verbose cli [ 'C:\\Program Files\\nodejs\\node.exe',
1 verbose cli   'C:\\Program Files\\nodejs\\node_modules\\npm\\bin\\npm-cli.js',
1 verbose cli   'run',
1 verbose cli   'test-jest' ]
2 info using npm@3.10.10
3 info using node@v6.10.0
4 verbose run-script [ 'pretest-jest', 'test-jest', 'posttest-jest' ]
5 info lifecycle @~pretest-jest: @
6 silly lifecycle @~pretest-jest: no script for pretest-jest, continuing
7 info lifecycle @~test-jest: @
8 verbose lifecycle @~test-jest: unsafe-perm in lifecycle true
9 verbose lifecycle @~test-jest: PATH: C:\Program Files\nodejs\node_modules\npm\bin\node-gyp-bin;C:\DevPHP\Web\sas_judo\node_modules\.bin;C:\Program Files\Git\cygdrive\c\Users\c.hartmann\.local\bin;C:\Program Files\Git\mingw64\bin;C:\Program Files\Git\usr\local\bin;C:\Program Files\Git\usr\bin;C:\Program Files\Git\usr\bin;C:\Program Files\Git\mingw64\bin;C:\Program Files\Git\usr\bin;C:\Program Files\Git\cygdrive\c\Users\c.hartmann\.local\bin;C:\RailsInstaller\Git\cmd;C:\RailsInstaller\Ruby2.1.0\bin;C:\tools\ruby24\bin;C:\Program Files (x86)\OpenSSH\bin;C:\WebSofts\phpd;C:\ProgramData\ComposerSetup\bin;C:\Program Files\MySQL\MySQL Utilities 1.6;C:\Program Files\TortoiseGit\bin;C:\Program Files (x86)\GTK2-Runtime\bin;C:\Program Files\nodejs;C:\Program Files\Git\cmd;C:\Program Files\ONLYOFFICE\DesktopEditors\converter;C:\ProgramData\chocolatey\bin;C:\Ruby24-x64\bin;C:\Program Files (x86)\Nmap;C:\Python27;C:\Users\c.hartmann\.babun;C:\Users\c.hartmann\shortcut;C:\Users\c.hartmann\AppData\Local\atom\bin;C:\msysgit\msysgit\bin;C:\Users\c.hartmann\AppData\Local\Programs\Python\Python35;C:\Users\c.hartmann\AppData\Roaming\npm;C:\Users\c.hartmann\AppData\Local\atom\bin;C:\Program Files\Git\usr\bin\vendor_perl;C:\Program Files\Git\usr\bin\core_perl
10 verbose lifecycle @~test-jest: CWD: C:\DevPHP\Web\sas_judo
11 silly lifecycle @~test-jest: Args: [ '/d /s /c', 'jest' ]
12 silly lifecycle @~test-jest: Returned: code: 1  signal: null
13 info lifecycle @~test-jest: Failed to exec test-jest script
14 verbose stack Error: @ test-jest: `jest`
14 verbose stack Exit status 1
14 verbose stack     at EventEmitter.<anonymous> (C:\Program Files\nodejs\node_modules\npm\lib\utils\lifecycle.js:255:16)
14 verbose stack     at emitTwo (events.js:106:13)
14 verbose stack     at EventEmitter.emit (events.js:191:7)
14 verbose stack     at ChildProcess.<anonymous> (C:\Program Files\nodejs\node_modules\npm\lib\utils\spawn.js:40:14)
14 verbose stack     at emitTwo (events.js:106:13)
14 verbose stack     at ChildProcess.emit (events.js:191:7)
14 verbose stack     at maybeClose (internal/child_process.js:877:16)
14 verbose stack     at Process.ChildProcess._handle.onexit (internal/child_process.js:226:5)
15 verbose pkgid @
16 verbose cwd C:\DevPHP\Web\sas_judo
17 error Windows_NT 6.1.7601
18 error argv "C:\\Program Files\\nodejs\\node.exe" "C:\\Program Files\\nodejs\\node_modules\\npm\\bin\\npm-cli.js" "run" "test-jest"
19 error node v6.10.0
20 error npm  v3.10.10
21 error code ELIFECYCLE
22 error @ test-jest: `jest`
22 error Exit status 1
23 error Failed at the @ test-jest script 'jest'.
23 error Make sure you have the latest version of node.js and npm installed.
23 error If you do, this is most likely a problem with the  package,
23 error not with npm itself.
23 error Tell the author that this fails on your system:
23 error     jest
23 error You can get information on how to open an issue for this project with:
23 error     npm bugs
23 error Or if that isn't available, you can get their info via:
23 error     npm owner ls
23 error There is likely additional logging output above.
24 verbose exit [ 1, true ]
